2020-02-14 11:56:47.081726: Logfile opened 
2020-02-14 11:56:47.440771: Clean Up Parameters 
2020-02-14 11:56:47.440771: OVC: 10.0.40.15 
2020-02-14 11:56:47.440771: vCenter: 10.0.40.11 
2020-02-14 11:56:47.440771: VMs to stay: 
2020-02-14 11:56:47.440771: MVA-10-0-40-11-101819-171941 
2020-02-14 11:56:47.440771: OmniStackVC-10-0-40-33 
2020-02-14 11:56:47.440771: OmniStackVC-10-0-40-35 
2020-02-14 11:56:47.440771: OmniStackVC-10-0-40-37 
2020-02-14 11:56:47.440771: OmniStackVC-10-0-40-39 
2020-02-14 11:56:47.440771: 00-SVTLIN 
2020-02-14 11:56:47.440771: 01-SVTLIN 
2020-02-14 11:56:47.440771: 02-SVTLIN 
2020-02-14 11:56:47.440771: 03-SVTLIN 
2020-02-14 11:56:47.441768: 01-SVTWIN 
2020-02-14 11:56:47.441768: 02-SVTWIN 
2020-02-14 11:56:47.441768: 03-SVTWIN 
2020-02-14 11:56:47.441768: 04-SVTWIN 
2020-02-14 11:56:47.441768: HorizonLinux00 
2020-02-14 11:56:47.441768: HorizonW10 
2020-02-14 11:56:47.441768: qumulo-core-2.13.4 
2020-02-14 11:56:47.441768: SingleVMBackup 
2020-02-14 11:56:47.441768: suo04cohesity01 
2020-02-14 11:56:47.441768: suo04cohesity02 
2020-02-14 11:56:47.441768: suo04ctc40010 
2020-02-14 11:56:47.441768: suo04ctcSOVSA 
2020-02-14 11:56:47.441768: SVT-W2k16-Master 
2020-02-14 11:56:47.441768: SVT-W2k16-Template 
2020-02-14 11:56:47.441768: svtCentOS 
2020-02-14 11:56:47.441768: svtDocker01 
2020-02-14 11:56:47.441768: svtDocker02 
2020-02-14 11:56:47.441768: svtDocker03 
2020-02-14 11:56:47.441768: SVTupgrade 
2020-02-14 11:56:47.441768: SVTveeam 
2020-02-14 11:56:47.441768: vdisql 
2020-02-14 11:56:47.441768: Win10-Master 
2020-02-14 11:56:47.441768: svtBitzer 
2020-02-14 11:56:47.441768: DiscoverMore01 
2020-02-14 11:56:47.441768: DiscoverMore02 
2020-02-14 11:56:47.441768: DiscoverMore03 
2020-02-14 11:56:47.441768: Permanent Backups: 
2020-02-14 11:56:47.442769: 00-SVTWIN-MASTER-Backup 
2020-02-14 11:56:47.442769: 00-SVTLIN-Master-Backup 
2020-02-14 11:56:47.442769: TBControl-Master-Backup 
2020-02-14 11:56:47.442769: Qumulo-Master-Backup 
2020-02-14 11:56:47.442769: HCIBench-Master-Backup 
2020-02-14 11:56:47.442769: Windows2016-Master 
2020-02-14 11:56:47.442769: Win10-Master-Backup 
2020-02-14 11:56:47.442769: Permanent Datastores: 
2020-02-14 11:56:47.442769: _MVA-5cb2e82f-e714-4a4f-90e7-3c581b5c78a7 
2020-02-14 11:56:47.442769: datastore-CZ293707P8 
2020-02-14 11:56:47.442769: datastore-CZ293707P9 
2020-02-14 11:56:47.442769: datastore-CZ293707PB 
2020-02-14 11:56:47.442769: datastore-CZ293707PC 
2020-02-14 11:56:47.442769: SVT260-DS1 
2020-02-14 11:56:47.442769: SVT260-DS2 
2020-02-14 11:56:47.442769: SVT380-DS-1 
2020-02-14 11:56:47.442769: SVT380-DS-2 
2020-02-14 11:56:47.442769: LocalCluster:  SimpliVity380 
2020-02-14 11:56:47.442769: RemoteCluster: SimpliVity2600 
2020-02-14 11:56:47.442769: Prefix: pmt- 
2020-02-14 11:56:47.442769: Prefix: replica- 
2020-02-14 11:56:47.442769: ################################################### 
