2020-05-05 09:38:54.950767: Logfile opened 
2020-05-05 09:38:55.203775: Clean Up Parameters 
2020-05-05 09:38:55.203775: OVC: 10.0.40.15 
2020-05-05 09:38:55.203775: vCenter: 10.0.40.11 
2020-05-05 09:38:55.203775: VMs to stay: 
2020-05-05 09:38:55.203775: OmniStackVC-10-0-40-33 
2020-05-05 09:38:55.203775: OmniStackVC-10-0-40-35 
2020-05-05 09:38:55.203775: OmniStackVC-10-0-40-37 
2020-05-05 09:38:55.203775: OmniStackVC-10-0-40-39 
2020-05-05 09:38:55.203775: 00-SVTLIN 
2020-05-05 09:38:55.203775: 01-SVTLIN 
2020-05-05 09:38:55.203775: 02-SVTLIN 
2020-05-05 09:38:55.203775: 03-SVTLIN 
2020-05-05 09:38:55.203775: 01-SVTWIN 
2020-05-05 09:38:55.203775: 02-SVTWIN 
2020-05-05 09:38:55.203775: 03-SVTWIN 
2020-05-05 09:38:55.203775: 04-SVTWIN 
2020-05-05 09:38:55.203775: HorizonLinux00 
2020-05-05 09:38:55.203775: HorizonW10 
2020-05-05 09:38:55.204768: qumulo-core-2.13.4 
2020-05-05 09:38:55.204768: SingleVMBackup 
2020-05-05 09:38:55.204768: suo04cohesity01 
2020-05-05 09:38:55.204768: suo04cohesity02 
2020-05-05 09:38:55.204768: suo04ctc40010 
2020-05-05 09:38:55.204768: suo04ctcSOVSA 
2020-05-05 09:38:55.204768: SVT-W2k16-Master 
2020-05-05 09:38:55.204768: SVT-W2k16-Template 
2020-05-05 09:38:55.204768: svtCentOS 
2020-05-05 09:38:55.204768: svtDocker01 
2020-05-05 09:38:55.204768: svtDocker02 
2020-05-05 09:38:55.204768: svtDocker03 
2020-05-05 09:38:55.204768: SVTupgrade 
2020-05-05 09:38:55.204768: SVTveeam 
2020-05-05 09:38:55.204768: vdisql 
2020-05-05 09:38:55.204768: Win10-Master 
2020-05-05 09:38:55.204768: svtBitzer 
2020-05-05 09:38:55.204768: DiscoverMore01 
2020-05-05 09:38:55.204768: DiscoverMore02 
2020-05-05 09:38:55.204768: DiscoverMore03 
2020-05-05 09:38:55.204768: Permanent Backups: 
2020-05-05 09:38:55.204768: 00-SVTWIN-MASTER-Backup 
2020-05-05 09:38:55.204768: 00-SVTLIN-Master-Backup 
2020-05-05 09:38:55.204768: TBControl-Master-Backup 
2020-05-05 09:38:55.204768: Qumulo-Master-Backup 
2020-05-05 09:38:55.204768: HCIBench-Master-Backup 
2020-05-05 09:38:55.204768: Windows2016-Master 
2020-05-05 09:38:55.204768: Win10-Master-Backup 
2020-05-05 09:38:55.204768: Permanent Datastores: 
2020-05-05 09:38:55.204768: _MVA-536dcda7-a523-4cf3-a1eb-7e109e802e51 
2020-05-05 09:38:55.204768: datastore-CZ293707P8 
2020-05-05 09:38:55.204768: datastore-CZ293707P9 
2020-05-05 09:38:55.204768: datastore-CZ293707PB 
2020-05-05 09:38:55.204768: datastore-CZ293707PC 
2020-05-05 09:38:55.204768: SVT260-DS-1 
2020-05-05 09:38:55.204768: SVT260-DS-2 
2020-05-05 09:38:55.204768: SVT380-DS-1 
2020-05-05 09:38:55.204768: SVT380-DS-2 
2020-05-05 09:38:55.204768: LocalCluster:  SimpliVity380 
2020-05-05 09:38:55.204768: RemoteCluster: SimpliVity2600 
2020-05-05 09:38:55.204768: Prefix: pmt- 
2020-05-05 09:38:55.204768: Prefix: replica- 
2020-05-05 09:38:55.204768: Prefix: MVA- 
2020-05-05 09:38:55.204768: ################################################### 
2020-05-05 09:38:55.537151: Opened a connection to OVC: 10.0.40.15   https://10.0.40.15/api/ 
2020-05-05 09:38:55.930547: Connection opened to vcenter10.0.40.11 
2020-05-05 09:38:55.931550: Start Clean Up Action 
2020-05-05 09:38:55.931550: Clean up VMs 
2020-05-05 09:38:56.251440: Clean up backups 
2020-05-05 09:38:56.737968: Clean up datastores 
2020-05-05 09:39:07.128260: Clean up policies 
2020-05-05 09:40:26.426578: Delete unnecessary policies 
2020-05-05 09:41:21.518342: Check for missing policies 
2020-05-05 09:41:45.524555: Update existing policies 
2020-05-05 09:41:59.636243: Checking Policy: System-Internal-MVA 
2020-05-05 09:43:58.035228: Checking Policy: Fixed Default Backup Policy 
2020-05-05 09:44:23.799520: Checking Policy: Bronze_Daily 
2020-05-05 09:45:12.678561: Remove existing rules 
2020-05-05 09:45:33.327238: Policy removed: Bronze_Daily::213a9ae5-dbd9-4950-b3f3-f75e3af9e7d7 
2020-05-05 09:45:33.327238: {'destination_id': '536dcda7-a523-4cf3-a1eb-7e109e802e51', 'end_time': '00:20', 'destination_name': 'SimpliVity380', 'consistency_type': 'None', 'frequency': 1440, 'application_consistent': False, 'number': 0, 'start_time': '00:20', 'max_backups': 30, 'days': 'Mon,Tue,Wed,Thu,Fri,Sat', 'external_store_name': '', 'id': '0df25006-d644-46ae-b40c-f50e8074e886', 'retention': 43200} 
2020-05-05 09:45:33.327238: Result: {'task': {'start_time': '2020-05-05T07:45:19Z', 'affected_objects': [], 'owner_id': 'abb63942-7b3d-036c-8d0d-c2d4d7e93239', 'destination_id': '25ad3942-b8ad-bf12-d3a2-7145ae537747', 'name': '', 'end_time': 'NA', 'error_code': 0, 'state': 'IN_PROGRESS', 'id': 'abb63942-7b3d-036c-8d0d-c2d4d7e93239:25ad3942-b8ad-bf12-d3a2-7145ae537747:d6ed7e9b-73e2-40e2-8844-56a603999ea0', 'type': 'com.simplivity.task.backup_policy.remove_rule', 'percent_complete': 0}} 
2020-05-05 09:45:33.933566: Policy removed: Bronze_Daily::213a9ae5-dbd9-4950-b3f3-f75e3af9e7d7 
2020-05-05 09:45:33.933566: {'destination_id': '14a510b3-887f-4d88-b302-a334ade9b191', 'end_time': '00:31', 'destination_name': 'SimpliVity2600', 'consistency_type': 'None', 'frequency': 1440, 'application_consistent': False, 'number': 5, 'start_time': '00:31', 'max_backups': 730, 'days': 'Last', 'external_store_name': '', 'id': '77375420-78cd-41bc-8062-83b658d30c52', 'retention': 1051200} 
2020-05-05 09:45:33.933566: Result: {'task': {'start_time': '2020-05-05T07:45:33Z', 'affected_objects': [], 'owner_id': 'abb63942-7b3d-036c-8d0d-c2d4d7e93239', 'destination_id': '25ad3942-b8ad-bf12-d3a2-7145ae537747', 'name': '', 'end_time': 'NA', 'error_code': 0, 'state': 'IN_PROGRESS', 'id': 'abb63942-7b3d-036c-8d0d-c2d4d7e93239:25ad3942-b8ad-bf12-d3a2-7145ae537747:9440a711-ba3a-4126-9e8a-74e3964e6d49', 'type': 'com.simplivity.task.backup_policy.remove_rule', 'percent_complete': 0}} 
2020-05-05 09:45:34.534267: Policy removed: Bronze_Daily::213a9ae5-dbd9-4950-b3f3-f75e3af9e7d7 
2020-05-05 09:45:34.534267: {'destination_id': '536dcda7-a523-4cf3-a1eb-7e109e802e51', 'end_time': '00:30', 'destination_name': 'SimpliVity380', 'consistency_type': 'None', 'frequency': 1440, 'application_consistent': False, 'number': 4, 'start_time': '00:30', 'max_backups': 730, 'days': 'Last', 'external_store_name': '', 'id': '3aebda58-efa6-43fe-8c70-5133c74bd7ce', 'retention': 1051200} 
2020-05-05 09:45:34.534267: Result: {'task': {'start_time': '2020-05-05T07:45:34Z', 'affected_objects': [], 'owner_id': 'abb63942-7b3d-036c-8d0d-c2d4d7e93239', 'destination_id': '25ad3942-b8ad-bf12-d3a2-7145ae537747', 'name': '', 'end_time': 'NA', 'error_code': 0, 'state': 'IN_PROGRESS', 'id': 'abb63942-7b3d-036c-8d0d-c2d4d7e93239:25ad3942-b8ad-bf12-d3a2-7145ae537747:c1abeb2f-b2b7-4781-b40f-150ed285d608', 'type': 'com.simplivity.task.backup_policy.remove_rule', 'percent_complete': 0}} 
2020-05-05 09:45:35.129594: Policy removed: Bronze_Daily::213a9ae5-dbd9-4950-b3f3-f75e3af9e7d7 
2020-05-05 09:45:35.129594: {'destination_id': '14a510b3-887f-4d88-b302-a334ade9b191', 'end_time': '00:26', 'destination_name': 'SimpliVity2600', 'consistency_type': 'None', 'frequency': 1440, 'application_consistent': False, 'number': 3, 'start_time': '00:26', 'max_backups': 90, 'days': 'Sun', 'external_store_name': '', 'id': '72917d73-6acd-4967-b8a3-1d7cb300bbdb', 'retention': 129600} 
2020-05-05 09:45:35.129594: Result: {'task': {'start_time': '2020-05-05T07:45:34Z', 'affected_objects': [], 'owner_id': 'abb63942-7b3d-036c-8d0d-c2d4d7e93239', 'destination_id': '25ad3942-b8ad-bf12-d3a2-7145ae537747', 'name': '', 'end_time': 'NA', 'error_code': 0, 'state': 'IN_PROGRESS', 'id': 'abb63942-7b3d-036c-8d0d-c2d4d7e93239:25ad3942-b8ad-bf12-d3a2-7145ae537747:6114034b-73ed-4429-8ad2-b767a1d8d181', 'type': 'com.simplivity.task.backup_policy.remove_rule', 'percent_complete': 0}} 
2020-05-05 09:45:35.720052: Policy removed: Bronze_Daily::213a9ae5-dbd9-4950-b3f3-f75e3af9e7d7 
2020-05-05 09:45:35.721054: {'destination_id': '536dcda7-a523-4cf3-a1eb-7e109e802e51', 'end_time': '00:25', 'destination_name': 'SimpliVity380', 'consistency_type': 'None', 'frequency': 1440, 'application_consistent': False, 'number': 2, 'start_time': '00:25', 'max_backups': 90, 'days': 'Sun', 'external_store_name': '', 'id': '5ba0ff2b-3adb-4067-bdee-d1d1630cf915', 'retention': 129600} 
2020-05-05 09:45:35.721054: Result: {'task': {'start_time': '2020-05-05T07:45:35Z', 'affected_objects': [], 'owner_id': 'abb63942-7b3d-036c-8d0d-c2d4d7e93239', 'destination_id': '25ad3942-b8ad-bf12-d3a2-7145ae537747', 'name': '', 'end_time': 'NA', 'error_code': 0, 'state': 'IN_PROGRESS', 'id': 'abb63942-7b3d-036c-8d0d-c2d4d7e93239:25ad3942-b8ad-bf12-d3a2-7145ae537747:71cc746e-ff45-4598-9e32-4e0bb2fbfec4', 'type': 'com.simplivity.task.backup_policy.remove_rule', 'percent_complete': 0}} 
2020-05-05 09:45:36.272983: Policy removed: Bronze_Daily::213a9ae5-dbd9-4950-b3f3-f75e3af9e7d7 
2020-05-05 09:45:36.272983: {'destination_id': '14a510b3-887f-4d88-b302-a334ade9b191', 'end_time': '00:21', 'destination_name': 'SimpliVity2600', 'consistency_type': 'None', 'frequency': 1440, 'application_consistent': False, 'number': 1, 'start_time': '00:21', 'max_backups': 30, 'days': 'Mon,Tue,Wed,Thu,Fri,Sat', 'external_store_name': '', 'id': '6423297b-40ef-4245-97b4-38dbed265448', 'retention': 43200} 
2020-05-05 09:45:36.272983: Result: {'task': {'start_time': '2020-05-05T07:45:36Z', 'affected_objects': [], 'owner_id': 'abb63942-7b3d-036c-8d0d-c2d4d7e93239', 'destination_id': '25ad3942-b8ad-bf12-d3a2-7145ae537747', 'name': '', 'end_time': 'NA', 'error_code': 0, 'state': 'IN_PROGRESS', 'id': 'abb63942-7b3d-036c-8d0d-c2d4d7e93239:25ad3942-b8ad-bf12-d3a2-7145ae537747:b1763776-8579-4cf0-a5b2-9a9d6ed2d463', 'type': 'com.simplivity.task.backup_policy.remove_rule', 'percent_complete': 0}} 
2020-05-05 09:46:00.021601: Create the new rules 
2020-05-05 09:46:16.600628: Backup Policy added to Policy: Bronze_Daily 
2020-05-05 09:46:17.730996: {'frequency': 1440, 'retention': 43200, 'days': 'Mon,Tue,Wed,Thu,Fri,Sat', 'id': 'faf37628-9fac-4bd1-81b9-af4acf59d352', 'number': 0, 'destination_id': '705049b7-574e-4fae-81d4-330d5d84aeaa', 'start_time': '00:20', 'end_time': '00:20', 'application_consistent': 'false', 'consistency_type': 'NONE', 'destination_name': 'Local', 'max_backups': 30} 
2020-05-05 09:46:18.529782: Result: {'task': {'start_time': '2020-05-05T07:46:13Z', 'affected_objects': [], 'owner_id': 'abb63942-7b3d-036c-8d0d-c2d4d7e93239', 'destination_id': '25ad3942-b8ad-bf12-d3a2-7145ae537747', 'name': '', 'end_time': 'NA', 'error_code': 0, 'state': 'IN_PROGRESS', 'id': 'abb63942-7b3d-036c-8d0d-c2d4d7e93239:25ad3942-b8ad-bf12-d3a2-7145ae537747:428da996-1b6a-400a-8313-05defac71e1e', 'type': 'com.simplivity.task.backup_policy.addrule', 'percent_complete': 0}} 
2020-05-05 09:46:23.005033: Backup Policy added to Policy: Bronze_Daily 
2020-05-05 09:46:23.005033: {'frequency': 1440, 'retention': 43200, 'days': 'Mon,Tue,Wed,Thu,Fri,Sat', 'id': 'ade01df7-0f8a-45b7-8116-4e475d733ae8', 'number': 1, 'destination_id': '811bebe5-ee3a-48de-b191-832c32656902', 'start_time': '00:21', 'end_time': '00:21', 'application_consistent': 'false', 'consistency_type': 'NONE', 'destination_name': 'Remote', 'max_backups': 30} 
2020-05-05 09:46:23.005033: Result: {'task': {'start_time': '2020-05-05T07:46:22Z', 'affected_objects': [], 'owner_id': 'abb63942-7b3d-036c-8d0d-c2d4d7e93239', 'destination_id': '25ad3942-b8ad-bf12-d3a2-7145ae537747', 'name': '', 'end_time': 'NA', 'error_code': 0, 'state': 'IN_PROGRESS', 'id': 'abb63942-7b3d-036c-8d0d-c2d4d7e93239:25ad3942-b8ad-bf12-d3a2-7145ae537747:5618f4c3-3bb4-4783-b43a-10b9059979ce', 'type': 'com.simplivity.task.backup_policy.addrule', 'percent_complete': 0}} 
2020-05-05 09:46:23.709744: Backup Policy added to Policy: Bronze_Daily 
2020-05-05 09:46:23.709744: {'frequency': 1440, 'retention': 129600, 'days': 'Sun', 'id': 'cdeea0a6-7ef7-4cda-a47c-ade0a2600b51', 'number': 2, 'destination_id': '705049b7-574e-4fae-81d4-330d5d84aeaa', 'start_time': '00:25', 'end_time': '00:25', 'application_consistent': 'false', 'consistency_type': 'NONE', 'destination_name': 'Local', 'max_backups': 90} 
2020-05-05 09:46:23.709744: Result: {'task': {'start_time': '2020-05-05T07:46:23Z', 'affected_objects': [], 'owner_id': 'abb63942-7b3d-036c-8d0d-c2d4d7e93239', 'destination_id': '25ad3942-b8ad-bf12-d3a2-7145ae537747', 'name': '', 'end_time': 'NA', 'error_code': 0, 'state': 'IN_PROGRESS', 'id': 'abb63942-7b3d-036c-8d0d-c2d4d7e93239:25ad3942-b8ad-bf12-d3a2-7145ae537747:35f736b2-21ff-430f-a951-819b33828668', 'type': 'com.simplivity.task.backup_policy.addrule', 'percent_complete': 0}} 
2020-05-05 09:46:24.413533: Backup Policy added to Policy: Bronze_Daily 
2020-05-05 09:46:24.413533: {'frequency': 1440, 'retention': 129600, 'days': 'Sun', 'id': '5a18b7c9-0b4e-4607-9eef-67ff9b8980ac', 'number': 3, 'destination_id': '811bebe5-ee3a-48de-b191-832c32656902', 'start_time': '00:26', 'end_time': '00:26', 'application_consistent': 'false', 'consistency_type': 'NONE', 'destination_name': 'Remote', 'max_backups': 90} 
2020-05-05 09:46:24.413533: Result: {'task': {'start_time': '2020-05-05T07:46:24Z', 'affected_objects': [], 'owner_id': 'abb63942-7b3d-036c-8d0d-c2d4d7e93239', 'destination_id': '25ad3942-b8ad-bf12-d3a2-7145ae537747', 'name': '', 'end_time': 'NA', 'error_code': 0, 'state': 'IN_PROGRESS', 'id': 'abb63942-7b3d-036c-8d0d-c2d4d7e93239:25ad3942-b8ad-bf12-d3a2-7145ae537747:87b7ff32-6646-4711-a03c-4720959a6f53', 'type': 'com.simplivity.task.backup_policy.addrule', 'percent_complete': 0}} 
2020-05-05 09:46:25.116427: Backup Policy added to Policy: Bronze_Daily 
2020-05-05 09:46:25.116427: {'frequency': 1440, 'retention': 1051200, 'days': 'Last', 'id': '6a13eb8f-1105-480e-8809-5aa79c9edfee', 'number': 4, 'destination_id': '705049b7-574e-4fae-81d4-330d5d84aeaa', 'start_time': '00:30', 'end_time': '00:30', 'application_consistent': 'false', 'consistency_type': 'NONE', 'destination_name': 'Local', 'max_backups': 730} 
2020-05-05 09:46:25.116427: Result: {'task': {'start_time': '2020-05-05T07:46:24Z', 'affected_objects': [], 'owner_id': 'abb63942-7b3d-036c-8d0d-c2d4d7e93239', 'destination_id': '25ad3942-b8ad-bf12-d3a2-7145ae537747', 'name': '', 'end_time': 'NA', 'error_code': 0, 'state': 'IN_PROGRESS', 'id': 'abb63942-7b3d-036c-8d0d-c2d4d7e93239:25ad3942-b8ad-bf12-d3a2-7145ae537747:cd7875ef-8505-4f4a-994d-b87e3a38dc56', 'type': 'com.simplivity.task.backup_policy.addrule', 'percent_complete': 0}} 
2020-05-05 09:46:25.842380: Backup Policy added to Policy: Bronze_Daily 
2020-05-05 09:46:25.842380: {'frequency': 1440, 'retention': 1051200, 'days': 'Last', 'id': '6e965b87-679c-436c-a47e-ed52087fd75c', 'number': 5, 'destination_id': '811bebe5-ee3a-48de-b191-832c32656902', 'start_time': '00:31', 'end_time': '00:31', 'application_consistent': 'false', 'consistency_type': 'NONE', 'destination_name': 'Remote', 'max_backups': 730} 
2020-05-05 09:46:25.842380: Result: {'task': {'start_time': '2020-05-05T07:46:25Z', 'affected_objects': [], 'owner_id': 'abb63942-7b3d-036c-8d0d-c2d4d7e93239', 'destination_id': '25ad3942-b8ad-bf12-d3a2-7145ae537747', 'name': '', 'end_time': 'NA', 'error_code': 0, 'state': 'IN_PROGRESS', 'id': 'abb63942-7b3d-036c-8d0d-c2d4d7e93239:25ad3942-b8ad-bf12-d3a2-7145ae537747:7958b64c-c8ec-4504-9f3d-244fa5a825b5', 'type': 'com.simplivity.task.backup_policy.addrule', 'percent_complete': 0}} 
2020-05-05 09:46:32.230111: Checking Policy: Bronze_VSS 
2020-05-05 09:46:34.192301: Remove existing rules 
2020-05-05 09:46:34.798336: Policy removed: Bronze_VSS::32d833a3-7e78-46a9-b7bc-a7a353520332 
2020-05-05 09:46:34.798336: {'destination_id': '14a510b3-887f-4d88-b302-a334ade9b191', 'end_time': '00:26', 'destination_name': 'SimpliVity2600', 'consistency_type': 'VSS', 'frequency': 1440, 'application_consistent': True, 'number': 3, 'start_time': '00:26', 'max_backups': 90, 'days': 'Sun', 'external_store_name': '', 'id': 'e858ed1f-727b-499f-b855-98b181581a5f', 'retention': 129600} 
2020-05-05 09:46:34.798336: Result: {'task': {'start_time': '2020-05-05T07:46:34Z', 'affected_objects': [], 'owner_id': 'abb63942-7b3d-036c-8d0d-c2d4d7e93239', 'destination_id': '25ad3942-b8ad-bf12-d3a2-7145ae537747', 'name': '', 'end_time': 'NA', 'error_code': 0, 'state': 'IN_PROGRESS', 'id': 'abb63942-7b3d-036c-8d0d-c2d4d7e93239:25ad3942-b8ad-bf12-d3a2-7145ae537747:915f697c-801b-49af-afa4-53adf19b72bf', 'type': 'com.simplivity.task.backup_policy.remove_rule', 'percent_complete': 0}} 
2020-05-05 09:46:35.416768: Policy removed: Bronze_VSS::32d833a3-7e78-46a9-b7bc-a7a353520332 
2020-05-05 09:46:35.416768: {'destination_id': '536dcda7-a523-4cf3-a1eb-7e109e802e51', 'end_time': '00:20', 'destination_name': 'SimpliVity380', 'consistency_type': 'VSS', 'frequency': 1440, 'application_consistent': True, 'number': 0, 'start_time': '00:20', 'max_backups': 30, 'days': 'Mon,Tue,Wed,Thu,Fri,Sat', 'external_store_name': '', 'id': '283fe7ec-1cb1-436c-8467-23030de82fa3', 'retention': 43200} 
2020-05-05 09:46:35.416768: Result: {'task': {'start_time': '2020-05-05T07:46:35Z', 'affected_objects': [], 'owner_id': 'abb63942-7b3d-036c-8d0d-c2d4d7e93239', 'destination_id': '25ad3942-b8ad-bf12-d3a2-7145ae537747', 'name': '', 'end_time': 'NA', 'error_code': 0, 'state': 'IN_PROGRESS', 'id': 'abb63942-7b3d-036c-8d0d-c2d4d7e93239:25ad3942-b8ad-bf12-d3a2-7145ae537747:d75042d7-d339-45cd-a6c2-bbbb17da4bfb', 'type': 'com.simplivity.task.backup_policy.remove_rule', 'percent_complete': 0}} 
2020-05-05 09:46:36.029075: Policy removed: Bronze_VSS::32d833a3-7e78-46a9-b7bc-a7a353520332 
2020-05-05 09:46:36.029075: {'destination_id': '14a510b3-887f-4d88-b302-a334ade9b191', 'end_time': '00:21', 'destination_name': 'SimpliVity2600', 'consistency_type': 'VSS', 'frequency': 1440, 'application_consistent': True, 'number': 1, 'start_time': '00:21', 'max_backups': 30, 'days': 'Mon,Tue,Wed,Thu,Fri,Sat', 'external_store_name': '', 'id': '5799a53e-b3c5-4afd-b4a4-a725dcbdba00', 'retention': 43200} 
2020-05-05 09:46:36.029075: Result: {'task': {'start_time': '2020-05-05T07:46:35Z', 'affected_objects': [], 'owner_id': 'abb63942-7b3d-036c-8d0d-c2d4d7e93239', 'destination_id': '25ad3942-b8ad-bf12-d3a2-7145ae537747', 'name': '', 'end_time': 'NA', 'error_code': 0, 'state': 'IN_PROGRESS', 'id': 'abb63942-7b3d-036c-8d0d-c2d4d7e93239:25ad3942-b8ad-bf12-d3a2-7145ae537747:93635015-78b1-436b-ab09-859046851fea', 'type': 'com.simplivity.task.backup_policy.remove_rule', 'percent_complete': 0}} 
2020-05-05 09:46:36.612020: Policy removed: Bronze_VSS::32d833a3-7e78-46a9-b7bc-a7a353520332 
2020-05-05 09:46:36.613016: {'destination_id': '536dcda7-a523-4cf3-a1eb-7e109e802e51', 'end_time': '00:25', 'destination_name': 'SimpliVity380', 'consistency_type': 'VSS', 'frequency': 1440, 'application_consistent': True, 'number': 2, 'start_time': '00:25', 'max_backups': 90, 'days': 'Sun', 'external_store_name': '', 'id': 'b3fbfb10-9470-4244-b4b1-431130d69ec8', 'retention': 129600} 
2020-05-05 09:46:36.613016: Result: {'task': {'start_time': '2020-05-05T07:46:36Z', 'affected_objects': [], 'owner_id': 'abb63942-7b3d-036c-8d0d-c2d4d7e93239', 'destination_id': '25ad3942-b8ad-bf12-d3a2-7145ae537747', 'name': '', 'end_time': 'NA', 'error_code': 0, 'state': 'IN_PROGRESS', 'id': 'abb63942-7b3d-036c-8d0d-c2d4d7e93239:25ad3942-b8ad-bf12-d3a2-7145ae537747:e07b35ec-5afd-477a-97a4-1805ec410ac6', 'type': 'com.simplivity.task.backup_policy.remove_rule', 'percent_complete': 0}} 
2020-05-05 09:46:37.192748: Policy removed: Bronze_VSS::32d833a3-7e78-46a9-b7bc-a7a353520332 
2020-05-05 09:46:37.192748: {'destination_id': '536dcda7-a523-4cf3-a1eb-7e109e802e51', 'end_time': '00:30', 'destination_name': 'SimpliVity380', 'consistency_type': 'VSS', 'frequency': 1440, 'application_consistent': True, 'number': 4, 'start_time': '00:30', 'max_backups': 730, 'days': 'Last', 'external_store_name': '', 'id': '674b7dd1-730a-459f-9017-6926d2fb2fd9', 'retention': 1051200} 
2020-05-05 09:46:37.192748: Result: {'task': {'start_time': '2020-05-05T07:46:36Z', 'affected_objects': [], 'owner_id': 'abb63942-7b3d-036c-8d0d-c2d4d7e93239', 'destination_id': '25ad3942-b8ad-bf12-d3a2-7145ae537747', 'name': '', 'end_time': 'NA', 'error_code': 0, 'state': 'IN_PROGRESS', 'id': 'abb63942-7b3d-036c-8d0d-c2d4d7e93239:25ad3942-b8ad-bf12-d3a2-7145ae537747:1192e42d-ef1d-41a2-93af-0071af782701', 'type': 'com.simplivity.task.backup_policy.remove_rule', 'percent_complete': 0}} 
2020-05-05 09:46:37.802953: Policy removed: Bronze_VSS::32d833a3-7e78-46a9-b7bc-a7a353520332 
2020-05-05 09:46:37.802953: {'destination_id': '14a510b3-887f-4d88-b302-a334ade9b191', 'end_time': '00:31', 'destination_name': 'SimpliVity2600', 'consistency_type': 'VSS', 'frequency': 1440, 'application_consistent': True, 'number': 5, 'start_time': '00:31', 'max_backups': 730, 'days': 'Last', 'external_store_name': '', 'id': 'ee95d76e-22b1-456e-8480-e3574bb97ee2', 'retention': 1051200} 
2020-05-05 09:46:37.802953: Result: {'task': {'start_time': '2020-05-05T07:46:37Z', 'affected_objects': [], 'owner_id': 'abb63942-7b3d-036c-8d0d-c2d4d7e93239', 'destination_id': '25ad3942-b8ad-bf12-d3a2-7145ae537747', 'name': '', 'end_time': 'NA', 'error_code': 0, 'state': 'IN_PROGRESS', 'id': 'abb63942-7b3d-036c-8d0d-c2d4d7e93239:25ad3942-b8ad-bf12-d3a2-7145ae537747:398f70f5-9109-43b3-8638-f7fba855cb79', 'type': 'com.simplivity.task.backup_policy.remove_rule', 'percent_complete': 0}} 
2020-05-05 09:46:47.992567: Create the new rules 
2020-05-05 09:46:53.087030: Backup Policy added to Policy: Bronze_VSS 
2020-05-05 09:46:53.087030: {'frequency': 1440, 'retention': 43200, 'days': 'Mon,Tue,Wed,Thu,Fri,Sat', 'id': 'faf37628-9fac-4bd1-81b9-af4acf59d352', 'number': 0, 'destination_id': '705049b7-574e-4fae-81d4-330d5d84aeaa', 'start_time': '00:20', 'end_time': '00:20', 'application_consistent': 'true', 'consistency_type': 'VSS', 'destination_name': 'Local', 'max_backups': 30} 
2020-05-05 09:46:53.087030: Result: {'task': {'start_time': '2020-05-05T07:46:52Z', 'affected_objects': [], 'owner_id': 'abb63942-7b3d-036c-8d0d-c2d4d7e93239', 'destination_id': '25ad3942-b8ad-bf12-d3a2-7145ae537747', 'name': '', 'end_time': 'NA', 'error_code': 0, 'state': 'IN_PROGRESS', 'id': 'abb63942-7b3d-036c-8d0d-c2d4d7e93239:25ad3942-b8ad-bf12-d3a2-7145ae537747:72fe4d6b-ba12-42ce-8d9f-022ff45c9751', 'type': 'com.simplivity.task.backup_policy.addrule', 'percent_complete': 0}} 
2020-05-05 09:46:53.782156: Backup Policy added to Policy: Bronze_VSS 
2020-05-05 09:46:53.782156: {'frequency': 1440, 'retention': 43200, 'days': 'Mon,Tue,Wed,Thu,Fri,Sat', 'id': 'ade01df7-0f8a-45b7-8116-4e475d733ae8', 'number': 1, 'destination_id': '811bebe5-ee3a-48de-b191-832c32656902', 'start_time': '00:21', 'end_time': '00:21', 'application_consistent': 'true', 'consistency_type': 'VSS', 'destination_name': 'Remote', 'max_backups': 30} 
2020-05-05 09:46:53.782156: Result: {'task': {'start_time': '2020-05-05T07:46:53Z', 'affected_objects': [], 'owner_id': 'abb63942-7b3d-036c-8d0d-c2d4d7e93239', 'destination_id': '25ad3942-b8ad-bf12-d3a2-7145ae537747', 'name': '', 'end_time': 'NA', 'error_code': 0, 'state': 'IN_PROGRESS', 'id': 'abb63942-7b3d-036c-8d0d-c2d4d7e93239:25ad3942-b8ad-bf12-d3a2-7145ae537747:2c22f2c1-73f1-4087-9b3f-4e2c6251b2f1', 'type': 'com.simplivity.task.backup_policy.addrule', 'percent_complete': 0}} 
2020-05-05 09:46:54.438078: Backup Policy added to Policy: Bronze_VSS 
2020-05-05 09:46:54.438078: {'frequency': 1440, 'retention': 129600, 'days': 'Sun', 'id': 'cdeea0a6-7ef7-4cda-a47c-ade0a2600b51', 'number': 2, 'destination_id': '705049b7-574e-4fae-81d4-330d5d84aeaa', 'start_time': '00:25', 'end_time': '00:25', 'application_consistent': 'true', 'consistency_type': 'VSS', 'destination_name': 'Local', 'max_backups': 90} 
2020-05-05 09:46:54.438078: Result: {'task': {'start_time': '2020-05-05T07:46:54Z', 'affected_objects': [], 'owner_id': 'abb63942-7b3d-036c-8d0d-c2d4d7e93239', 'destination_id': '25ad3942-b8ad-bf12-d3a2-7145ae537747', 'name': '', 'end_time': 'NA', 'error_code': 0, 'state': 'IN_PROGRESS', 'id': 'abb63942-7b3d-036c-8d0d-c2d4d7e93239:25ad3942-b8ad-bf12-d3a2-7145ae537747:be8ec8d7-996e-4a80-b089-fa6abf0e1494', 'type': 'com.simplivity.task.backup_policy.addrule', 'percent_complete': 0}} 
2020-05-05 09:46:55.140889: Backup Policy added to Policy: Bronze_VSS 
2020-05-05 09:46:55.140889: {'frequency': 1440, 'retention': 129600, 'days': 'Sun', 'id': '5a18b7c9-0b4e-4607-9eef-67ff9b8980ac', 'number': 3, 'destination_id': '811bebe5-ee3a-48de-b191-832c32656902', 'start_time': '00:26', 'end_time': '00:26', 'application_consistent': 'true', 'consistency_type': 'VSS', 'destination_name': 'Remote', 'max_backups': 90} 
2020-05-05 09:46:55.140889: Result: {'task': {'start_time': '2020-05-05T07:46:54Z', 'affected_objects': [], 'owner_id': 'abb63942-7b3d-036c-8d0d-c2d4d7e93239', 'destination_id': '25ad3942-b8ad-bf12-d3a2-7145ae537747', 'name': '', 'end_time': 'NA', 'error_code': 0, 'state': 'IN_PROGRESS', 'id': 'abb63942-7b3d-036c-8d0d-c2d4d7e93239:25ad3942-b8ad-bf12-d3a2-7145ae537747:cbfa256f-3b89-4b47-9ba9-39bffef71820', 'type': 'com.simplivity.task.backup_policy.addrule', 'percent_complete': 0}} 
2020-05-05 09:46:55.851382: Backup Policy added to Policy: Bronze_VSS 
2020-05-05 09:46:55.851382: {'frequency': 1440, 'retention': 1051200, 'days': 'Last', 'id': '6a13eb8f-1105-480e-8809-5aa79c9edfee', 'number': 4, 'destination_id': '705049b7-574e-4fae-81d4-330d5d84aeaa', 'start_time': '00:30', 'end_time': '00:30', 'application_consistent': 'true', 'consistency_type': 'VSS', 'destination_name': 'Local', 'max_backups': 730} 
2020-05-05 09:46:55.851382: Result: {'task': {'start_time': '2020-05-05T07:46:55Z', 'affected_objects': [], 'owner_id': 'abb63942-7b3d-036c-8d0d-c2d4d7e93239', 'destination_id': '25ad3942-b8ad-bf12-d3a2-7145ae537747', 'name': '', 'end_time': 'NA', 'error_code': 0, 'state': 'IN_PROGRESS', 'id': 'abb63942-7b3d-036c-8d0d-c2d4d7e93239:25ad3942-b8ad-bf12-d3a2-7145ae537747:371e45ae-55c2-4ddf-9b89-691ee2d6bc81', 'type': 'com.simplivity.task.backup_policy.addrule', 'percent_complete': 0}} 
2020-05-05 09:46:56.571699: Backup Policy added to Policy: Bronze_VSS 
2020-05-05 09:46:56.571699: {'frequency': 1440, 'retention': 1051200, 'days': 'Last', 'id': '6e965b87-679c-436c-a47e-ed52087fd75c', 'number': 5, 'destination_id': '811bebe5-ee3a-48de-b191-832c32656902', 'start_time': '00:31', 'end_time': '00:31', 'application_consistent': 'true', 'consistency_type': 'VSS', 'destination_name': 'Remote', 'max_backups': 730} 
2020-05-05 09:46:56.571699: Result: {'task': {'start_time': '2020-05-05T07:46:56Z', 'affected_objects': [], 'owner_id': 'abb63942-7b3d-036c-8d0d-c2d4d7e93239', 'destination_id': '25ad3942-b8ad-bf12-d3a2-7145ae537747', 'name': '', 'end_time': 'NA', 'error_code': 0, 'state': 'IN_PROGRESS', 'id': 'abb63942-7b3d-036c-8d0d-c2d4d7e93239:25ad3942-b8ad-bf12-d3a2-7145ae537747:9ccbf4a4-297d-4064-bdda-e77a4f2f2310', 'type': 'com.simplivity.task.backup_policy.addrule', 'percent_complete': 0}} 
2020-05-05 09:47:14.705539: Checking Policy: Internal_Only 
2020-05-05 09:47:21.266912: Checking Policy: Silver_4hour 
2020-05-05 09:47:21.266912: Create the new rules 
2020-05-05 09:47:22.277849: Backup Policy added to Policy: Silver_4hour 
2020-05-05 09:47:22.277849: {'frequency': 240, 'retention': 10080, 'days': 'All', 'id': '674808ff-b3a3-4dcc-b1e9-2ea630153d8a', 'number': 0, 'destination_id': '705049b7-574e-4fae-81d4-330d5d84aeaa', 'start_time': '00:15', 'end_time': '00:15', 'application_consistent': 'false', 'consistency_type': 'NONE', 'destination_name': 'Local', 'max_backups': 42} 
2020-05-05 09:47:22.277849: Result: {'task': {'start_time': '2020-05-05T07:47:21Z', 'affected_objects': [], 'owner_id': '4239139e-cb6d-bae6-e67f-98ead19d4c75', 'destination_id': '4239db63-a481-93a3-9cdd-37d55274ac4b', 'name': '', 'end_time': 'NA', 'error_code': 0, 'state': 'IN_PROGRESS', 'id': '4239139e-cb6d-bae6-e67f-98ead19d4c75:4239db63-a481-93a3-9cdd-37d55274ac4b:b5a3f42e-7061-482f-babe-815083d9f075', 'type': 'com.simplivity.task.backup_policy.addrule', 'percent_complete': 0}} 
2020-05-05 09:47:22.931423: Backup Policy added to Policy: Silver_4hour 
2020-05-05 09:47:22.931423: {'frequency': 240, 'retention': 10080, 'days': 'All', 'id': 'd3175bdd-5421-4e93-8ca8-874f0a740115', 'number': 1, 'destination_id': '811bebe5-ee3a-48de-b191-832c32656902', 'start_time': '00:16', 'end_time': '00:16', 'application_consistent': 'false', 'consistency_type': 'NONE', 'destination_name': 'Remote', 'max_backups': 42} 
2020-05-05 09:47:22.931423: Result: {'task': {'start_time': '2020-05-05T07:47:22Z', 'affected_objects': [], 'owner_id': '4239139e-cb6d-bae6-e67f-98ead19d4c75', 'destination_id': '4239db63-a481-93a3-9cdd-37d55274ac4b', 'name': '', 'end_time': 'NA', 'error_code': 0, 'state': 'IN_PROGRESS', 'id': '4239139e-cb6d-bae6-e67f-98ead19d4c75:4239db63-a481-93a3-9cdd-37d55274ac4b:faf406b6-657e-4dad-a362-fe08f2babf39', 'type': 'com.simplivity.task.backup_policy.addrule', 'percent_complete': 0}} 
2020-05-05 09:47:23.606863: Backup Policy added to Policy: Silver_4hour 
2020-05-05 09:47:23.606863: {'frequency': 1440, 'retention': 43200, 'days': 'Mon,Tue,Wed,Thu,Fri,Sat', 'id': '4a775a80-cc03-4148-9965-c51281b0c525', 'number': 2, 'destination_id': '705049b7-574e-4fae-81d4-330d5d84aeaa', 'start_time': '00:20', 'end_time': '00:20', 'application_consistent': 'false', 'consistency_type': 'NONE', 'destination_name': 'Local', 'max_backups': 30} 
2020-05-05 09:47:23.606863: Result: {'task': {'start_time': '2020-05-05T07:47:23Z', 'affected_objects': [], 'owner_id': '4239139e-cb6d-bae6-e67f-98ead19d4c75', 'destination_id': '4239db63-a481-93a3-9cdd-37d55274ac4b', 'name': '', 'end_time': 'NA', 'error_code': 0, 'state': 'IN_PROGRESS', 'id': '4239139e-cb6d-bae6-e67f-98ead19d4c75:4239db63-a481-93a3-9cdd-37d55274ac4b:0800e79b-86d8-4b0a-a75c-ee956602931a', 'type': 'com.simplivity.task.backup_policy.addrule', 'percent_complete': 0}} 
2020-05-05 09:47:24.326296: Backup Policy added to Policy: Silver_4hour 
2020-05-05 09:47:24.326296: {'frequency': 1440, 'retention': 43200, 'days': 'Mon,Tue,Wed,Thu,Fri,Sat', 'id': '2d2347ee-bdc9-4acb-92d2-772ae176c8db', 'number': 3, 'destination_id': '811bebe5-ee3a-48de-b191-832c32656902', 'start_time': '00:21', 'end_time': '00:21', 'application_consistent': 'false', 'consistency_type': 'NONE', 'destination_name': 'Remote', 'max_backups': 30} 
2020-05-05 09:47:24.327294: Result: {'task': {'start_time': '2020-05-05T07:47:24Z', 'affected_objects': [], 'owner_id': '4239139e-cb6d-bae6-e67f-98ead19d4c75', 'destination_id': '4239db63-a481-93a3-9cdd-37d55274ac4b', 'name': '', 'end_time': 'NA', 'error_code': 0, 'state': 'IN_PROGRESS', 'id': '4239139e-cb6d-bae6-e67f-98ead19d4c75:4239db63-a481-93a3-9cdd-37d55274ac4b:277e99e0-a3f4-4ab3-b2f8-0bb7269008af', 'type': 'com.simplivity.task.backup_policy.addrule', 'percent_complete': 0}} 
2020-05-05 09:47:24.949729: Backup Policy added to Policy: Silver_4hour 
2020-05-05 09:47:24.949729: {'frequency': 1440, 'retention': 129600, 'days': 'Sun', 'id': '76dfce86-fd1f-4fd8-bfe6-eb23b6ee1108', 'number': 4, 'destination_id': '705049b7-574e-4fae-81d4-330d5d84aeaa', 'start_time': '00:25', 'end_time': '00:25', 'application_consistent': 'false', 'consistency_type': 'NONE', 'destination_name': 'Local', 'max_backups': 90} 
2020-05-05 09:47:24.949729: Result: {'task': {'start_time': '2020-05-05T07:47:24Z', 'affected_objects': [], 'owner_id': '4239139e-cb6d-bae6-e67f-98ead19d4c75', 'destination_id': '4239db63-a481-93a3-9cdd-37d55274ac4b', 'name': '', 'end_time': 'NA', 'error_code': 0, 'state': 'IN_PROGRESS', 'id': '4239139e-cb6d-bae6-e67f-98ead19d4c75:4239db63-a481-93a3-9cdd-37d55274ac4b:773fa7fe-c92c-418a-9f92-8aba381d3203', 'type': 'com.simplivity.task.backup_policy.addrule', 'percent_complete': 0}} 
2020-05-05 09:47:25.626122: Backup Policy added to Policy: Silver_4hour 
2020-05-05 09:47:25.626122: {'frequency': 1440, 'retention': 129600, 'days': 'Sun', 'id': '654641a0-c6cb-4205-b178-6fd61f95ce1c', 'number': 5, 'destination_id': '811bebe5-ee3a-48de-b191-832c32656902', 'start_time': '00:26', 'end_time': '00:26', 'application_consistent': 'false', 'consistency_type': 'NONE', 'destination_name': 'Remote', 'max_backups': 90} 
2020-05-05 09:47:25.626122: Result: {'task': {'start_time': '2020-05-05T07:47:25Z', 'affected_objects': [], 'owner_id': '4239139e-cb6d-bae6-e67f-98ead19d4c75', 'destination_id': '4239db63-a481-93a3-9cdd-37d55274ac4b', 'name': '', 'end_time': 'NA', 'error_code': 0, 'state': 'IN_PROGRESS', 'id': '4239139e-cb6d-bae6-e67f-98ead19d4c75:4239db63-a481-93a3-9cdd-37d55274ac4b:e86734a1-03b0-47eb-8787-7ca4a70bd786', 'type': 'com.simplivity.task.backup_policy.addrule', 'percent_complete': 0}} 
2020-05-05 09:47:26.318187: Backup Policy added to Policy: Silver_4hour 
2020-05-05 09:47:26.318187: {'frequency': 1440, 'retention': 1051200, 'days': 'Last', 'id': '7aeafcf7-dce5-4bfb-8dc5-0c64b86dc44e', 'number': 6, 'destination_id': '705049b7-574e-4fae-81d4-330d5d84aeaa', 'start_time': '00:30', 'end_time': '00:30', 'application_consistent': 'false', 'consistency_type': 'NONE', 'destination_name': 'Local', 'max_backups': 730} 
2020-05-05 09:47:26.318187: Result: {'task': {'start_time': '2020-05-05T07:47:26Z', 'affected_objects': [], 'owner_id': '4239139e-cb6d-bae6-e67f-98ead19d4c75', 'destination_id': '4239db63-a481-93a3-9cdd-37d55274ac4b', 'name': '', 'end_time': 'NA', 'error_code': 0, 'state': 'IN_PROGRESS', 'id': '4239139e-cb6d-bae6-e67f-98ead19d4c75:4239db63-a481-93a3-9cdd-37d55274ac4b:691260ee-b6d8-47f9-b29d-b8f7d7e79d3c', 'type': 'com.simplivity.task.backup_policy.addrule', 'percent_complete': 0}} 
2020-05-05 09:47:26.962098: Backup Policy added to Policy: Silver_4hour 
2020-05-05 09:47:26.962098: {'frequency': 1440, 'retention': 1051200, 'days': 'Last', 'id': '9cf59e88-86e7-4a43-9177-c28a83d32d12', 'number': 7, 'destination_id': '811bebe5-ee3a-48de-b191-832c32656902', 'start_time': '00:31', 'end_time': '00:31', 'application_consistent': 'false', 'consistency_type': 'NONE', 'destination_name': 'Remote', 'max_backups': 730} 
2020-05-05 09:47:26.962098: Result: {'task': {'start_time': '2020-05-05T07:47:26Z', 'affected_objects': [], 'owner_id': '4239139e-cb6d-bae6-e67f-98ead19d4c75', 'destination_id': '4239db63-a481-93a3-9cdd-37d55274ac4b', 'name': '', 'end_time': 'NA', 'error_code': 0, 'state': 'IN_PROGRESS', 'id': '4239139e-cb6d-bae6-e67f-98ead19d4c75:4239db63-a481-93a3-9cdd-37d55274ac4b:c52124f8-818a-434c-8a31-2126c0e0f688', 'type': 'com.simplivity.task.backup_policy.addrule', 'percent_complete': 0}} 
2020-05-05 09:47:26.962098: Checking Policy: Platinum_10Minutes 
2020-05-05 09:47:26.962098: Create the new rules 
2020-05-05 09:47:27.659662: Backup Policy added to Policy: Platinum_10Minutes 
2020-05-05 09:47:27.659662: {'frequency': 10, 'retention': 4320, 'days': 'All', 'id': '2f169727-8024-44e0-a590-19b6963c3937', 'number': 0, 'destination_id': '705049b7-574e-4fae-81d4-330d5d84aeaa', 'start_time': '00:05', 'end_time': '00:05', 'application_consistent': 'false', 'consistency_type': 'NONE', 'destination_name': 'Local', 'max_backups': 432} 
2020-05-05 09:47:27.660629: Result: {'task': {'start_time': '2020-05-05T07:47:27Z', 'affected_objects': [], 'owner_id': '4239139e-cb6d-bae6-e67f-98ead19d4c75', 'destination_id': '4239db63-a481-93a3-9cdd-37d55274ac4b', 'name': '', 'end_time': 'NA', 'error_code': 0, 'state': 'IN_PROGRESS', 'id': '4239139e-cb6d-bae6-e67f-98ead19d4c75:4239db63-a481-93a3-9cdd-37d55274ac4b:bfc214aa-8fdc-410d-b9f5-5ff977168984', 'type': 'com.simplivity.task.backup_policy.addrule', 'percent_complete': 0}} 
2020-05-05 09:47:28.409660: Backup Policy added to Policy: Platinum_10Minutes 
2020-05-05 09:47:28.409660: {'frequency': 10, 'retention': 4320, 'days': 'All', 'id': '32dfd884-e7e0-442c-9419-4a82d18359fc', 'number': 1, 'destination_id': '811bebe5-ee3a-48de-b191-832c32656902', 'start_time': '00:06', 'end_time': '00:06', 'application_consistent': 'false', 'consistency_type': 'NONE', 'destination_name': 'Remote', 'max_backups': 432} 
2020-05-05 09:47:28.409660: Result: {'task': {'start_time': '2020-05-05T07:47:28Z', 'affected_objects': [], 'owner_id': '4239139e-cb6d-bae6-e67f-98ead19d4c75', 'destination_id': '4239db63-a481-93a3-9cdd-37d55274ac4b', 'name': '', 'end_time': 'NA', 'error_code': 0, 'state': 'IN_PROGRESS', 'id': '4239139e-cb6d-bae6-e67f-98ead19d4c75:4239db63-a481-93a3-9cdd-37d55274ac4b:7a88437f-a0bc-4210-a186-ff8f45c2d059', 'type': 'com.simplivity.task.backup_policy.addrule', 'percent_complete': 0}} 
2020-05-05 09:47:29.081504: Backup Policy added to Policy: Platinum_10Minutes 
2020-05-05 09:47:29.082502: {'frequency': 60, 'retention': 7200, 'days': 'All', 'id': 'c3ace4de-d27b-49d9-92a7-4f9afa60efe7', 'number': 2, 'destination_id': '705049b7-574e-4fae-81d4-330d5d84aeaa', 'start_time': '00:10', 'end_time': '00:10', 'application_consistent': 'false', 'consistency_type': 'NONE', 'destination_name': 'Local', 'max_backups': 120} 
2020-05-05 09:47:29.082502: Result: {'task': {'start_time': '2020-05-05T07:47:28Z', 'affected_objects': [], 'owner_id': '4239139e-cb6d-bae6-e67f-98ead19d4c75', 'destination_id': '4239db63-a481-93a3-9cdd-37d55274ac4b', 'name': '', 'end_time': 'NA', 'error_code': 0, 'state': 'IN_PROGRESS', 'id': '4239139e-cb6d-bae6-e67f-98ead19d4c75:4239db63-a481-93a3-9cdd-37d55274ac4b:61f44398-e474-4c3b-a7a9-8db4183d3742', 'type': 'com.simplivity.task.backup_policy.addrule', 'percent_complete': 0}} 
2020-05-05 09:47:29.839435: Backup Policy added to Policy: Platinum_10Minutes 
2020-05-05 09:47:29.839435: {'frequency': 60, 'retention': 7200, 'days': 'All', 'id': '8e3e3516-2aa4-4bb9-accc-a022a073b251', 'number': 3, 'destination_id': '811bebe5-ee3a-48de-b191-832c32656902', 'start_time': '00:11', 'end_time': '00:11', 'application_consistent': 'false', 'consistency_type': 'NONE', 'destination_name': 'Remote', 'max_backups': 120} 
2020-05-05 09:47:29.839435: Result: {'task': {'start_time': '2020-05-05T07:47:29Z', 'affected_objects': [], 'owner_id': '4239139e-cb6d-bae6-e67f-98ead19d4c75', 'destination_id': '4239db63-a481-93a3-9cdd-37d55274ac4b', 'name': '', 'end_time': 'NA', 'error_code': 0, 'state': 'IN_PROGRESS', 'id': '4239139e-cb6d-bae6-e67f-98ead19d4c75:4239db63-a481-93a3-9cdd-37d55274ac4b:6cc3d847-57fc-49d9-a6d4-63929b02cda0', 'type': 'com.simplivity.task.backup_policy.addrule', 'percent_complete': 0}} 
2020-05-05 09:47:30.546972: Backup Policy added to Policy: Platinum_10Minutes 
2020-05-05 09:47:30.546972: {'frequency': 240, 'retention': 10080, 'days': 'All', 'id': '6a6ba85c-bc86-40b4-aa62-694ed6804738', 'number': 4, 'destination_id': '705049b7-574e-4fae-81d4-330d5d84aeaa', 'start_time': '00:15', 'end_time': '00:15', 'application_consistent': 'false', 'consistency_type': 'NONE', 'destination_name': 'Local', 'max_backups': 42} 
2020-05-05 09:47:30.546972: Result: {'task': {'start_time': '2020-05-05T07:47:30Z', 'affected_objects': [], 'owner_id': '4239139e-cb6d-bae6-e67f-98ead19d4c75', 'destination_id': '4239db63-a481-93a3-9cdd-37d55274ac4b', 'name': '', 'end_time': 'NA', 'error_code': 0, 'state': 'IN_PROGRESS', 'id': '4239139e-cb6d-bae6-e67f-98ead19d4c75:4239db63-a481-93a3-9cdd-37d55274ac4b:bc98486d-b31c-4abe-8253-f1d063029943', 'type': 'com.simplivity.task.backup_policy.addrule', 'percent_complete': 0}} 
2020-05-05 09:47:31.291363: Backup Policy added to Policy: Platinum_10Minutes 
2020-05-05 09:47:31.291363: {'frequency': 240, 'retention': 10080, 'days': 'All', 'id': '181f98d8-fdf0-4683-8942-a93f687597ce', 'number': 5, 'destination_id': '811bebe5-ee3a-48de-b191-832c32656902', 'start_time': '00:16', 'end_time': '00:16', 'application_consistent': 'false', 'consistency_type': 'NONE', 'destination_name': 'Remote', 'max_backups': 42} 
2020-05-05 09:47:31.291363: Result: {'task': {'start_time': '2020-05-05T07:47:31Z', 'affected_objects': [], 'owner_id': '4239139e-cb6d-bae6-e67f-98ead19d4c75', 'destination_id': '4239db63-a481-93a3-9cdd-37d55274ac4b', 'name': '', 'end_time': 'NA', 'error_code': 0, 'state': 'IN_PROGRESS', 'id': '4239139e-cb6d-bae6-e67f-98ead19d4c75:4239db63-a481-93a3-9cdd-37d55274ac4b:77f79a7f-08dd-4b03-83db-75a629eff1a5', 'type': 'com.simplivity.task.backup_policy.addrule', 'percent_complete': 0}} 
2020-05-05 09:47:32.002341: Backup Policy added to Policy: Platinum_10Minutes 
2020-05-05 09:47:32.002341: {'frequency': 1440, 'retention': 43200, 'days': 'Mon,Tue,Wed,Thu,Fri,Sat', 'id': '9b341efa-a629-4627-acc9-74e274053904', 'number': 6, 'destination_id': '705049b7-574e-4fae-81d4-330d5d84aeaa', 'start_time': '00:20', 'end_time': '00:20', 'application_consistent': 'false', 'consistency_type': 'NONE', 'destination_name': 'Local', 'max_backups': 30} 
2020-05-05 09:47:32.002341: Result: {'task': {'start_time': '2020-05-05T07:47:31Z', 'affected_objects': [], 'owner_id': '4239139e-cb6d-bae6-e67f-98ead19d4c75', 'destination_id': '4239db63-a481-93a3-9cdd-37d55274ac4b', 'name': '', 'end_time': 'NA', 'error_code': 0, 'state': 'IN_PROGRESS', 'id': '4239139e-cb6d-bae6-e67f-98ead19d4c75:4239db63-a481-93a3-9cdd-37d55274ac4b:dfe07625-e05e-40fd-8c3e-ee9c4decd7a4', 'type': 'com.simplivity.task.backup_policy.addrule', 'percent_complete': 0}} 
2020-05-05 09:47:32.739679: Backup Policy added to Policy: Platinum_10Minutes 
2020-05-05 09:47:32.739679: {'frequency': 1440, 'retention': 43200, 'days': 'Mon,Tue,Wed,Thu,Fri,Sat', 'id': '8a43d073-29a8-436b-b0bc-60c481d26bbd', 'number': 7, 'destination_id': '811bebe5-ee3a-48de-b191-832c32656902', 'start_time': '00:21', 'end_time': '00:21', 'application_consistent': 'false', 'consistency_type': 'NONE', 'destination_name': 'Remote', 'max_backups': 30} 
2020-05-05 09:47:32.739679: Result: {'task': {'start_time': '2020-05-05T07:47:32Z', 'affected_objects': [], 'owner_id': '4239139e-cb6d-bae6-e67f-98ead19d4c75', 'destination_id': '4239db63-a481-93a3-9cdd-37d55274ac4b', 'name': '', 'end_time': 'NA', 'error_code': 0, 'state': 'IN_PROGRESS', 'id': '4239139e-cb6d-bae6-e67f-98ead19d4c75:4239db63-a481-93a3-9cdd-37d55274ac4b:d9b5b3e3-475b-4b62-ab59-c56af2f0da26', 'type': 'com.simplivity.task.backup_policy.addrule', 'percent_complete': 0}} 
2020-05-05 09:47:33.491216: Backup Policy added to Policy: Platinum_10Minutes 
2020-05-05 09:47:33.491216: {'frequency': 1440, 'retention': 129600, 'days': 'Sun', 'id': '1cf40f72-43dd-4ed2-8c39-cd6fbdb59b77', 'number': 8, 'destination_id': '705049b7-574e-4fae-81d4-330d5d84aeaa', 'start_time': '00:25', 'end_time': '00:25', 'application_consistent': 'false', 'consistency_type': 'NONE', 'destination_name': 'Local', 'max_backups': 90} 
2020-05-05 09:47:33.491216: Result: {'task': {'start_time': '2020-05-05T07:47:33Z', 'affected_objects': [], 'owner_id': '4239139e-cb6d-bae6-e67f-98ead19d4c75', 'destination_id': '4239db63-a481-93a3-9cdd-37d55274ac4b', 'name': '', 'end_time': 'NA', 'error_code': 0, 'state': 'IN_PROGRESS', 'id': '4239139e-cb6d-bae6-e67f-98ead19d4c75:4239db63-a481-93a3-9cdd-37d55274ac4b:0390a8eb-3dc7-45a1-a2b6-036d40941ec1', 'type': 'com.simplivity.task.backup_policy.addrule', 'percent_complete': 0}} 
2020-05-05 09:47:34.134466: Backup Policy added to Policy: Platinum_10Minutes 
2020-05-05 09:47:34.134466: {'frequency': 1440, 'retention': 129600, 'days': 'Sun', 'id': '0e75f329-3f39-40ba-8f7f-9fd7d44e91bd', 'number': 9, 'destination_id': '811bebe5-ee3a-48de-b191-832c32656902', 'start_time': '00:26', 'end_time': '00:26', 'application_consistent': 'false', 'consistency_type': 'NONE', 'destination_name': 'Remote', 'max_backups': 90} 
2020-05-05 09:47:34.134466: Result: {'task': {'start_time': '2020-05-05T07:47:33Z', 'affected_objects': [], 'owner_id': '4239139e-cb6d-bae6-e67f-98ead19d4c75', 'destination_id': '4239db63-a481-93a3-9cdd-37d55274ac4b', 'name': '', 'end_time': 'NA', 'error_code': 0, 'state': 'IN_PROGRESS', 'id': '4239139e-cb6d-bae6-e67f-98ead19d4c75:4239db63-a481-93a3-9cdd-37d55274ac4b:db9b06c3-841c-4c5d-8b9c-a5df89b24196', 'type': 'com.simplivity.task.backup_policy.addrule', 'percent_complete': 0}} 
2020-05-05 09:47:34.926597: Backup Policy added to Policy: Platinum_10Minutes 
2020-05-05 09:47:34.926597: {'frequency': 1440, 'retention': 1051200, 'days': 'Last', 'id': 'fec63379-8d23-4642-8fdf-dbc457a3be0c', 'number': 10, 'destination_id': '705049b7-574e-4fae-81d4-330d5d84aeaa', 'start_time': '00:30', 'end_time': '00:30', 'application_consistent': 'false', 'consistency_type': 'NONE', 'destination_name': 'Local', 'max_backups': 730} 
2020-05-05 09:47:34.926597: Result: {'task': {'start_time': '2020-05-05T07:47:34Z', 'affected_objects': [], 'owner_id': '4239139e-cb6d-bae6-e67f-98ead19d4c75', 'destination_id': '4239db63-a481-93a3-9cdd-37d55274ac4b', 'name': '', 'end_time': 'NA', 'error_code': 0, 'state': 'IN_PROGRESS', 'id': '4239139e-cb6d-bae6-e67f-98ead19d4c75:4239db63-a481-93a3-9cdd-37d55274ac4b:cd921562-c6b8-4d3f-9ae2-14ce5ef97242', 'type': 'com.simplivity.task.backup_policy.addrule', 'percent_complete': 0}} 
2020-05-05 09:47:35.683307: Backup Policy added to Policy: Platinum_10Minutes 
2020-05-05 09:47:35.683307: {'frequency': 1440, 'retention': 1051200, 'days': 'Last', 'id': '419a1f34-0350-4045-a473-9ac9062a27d7', 'number': 11, 'destination_id': '811bebe5-ee3a-48de-b191-832c32656902', 'start_time': '00:31', 'end_time': '00:31', 'application_consistent': 'false', 'consistency_type': 'NONE', 'destination_name': 'Remote', 'max_backups': 730} 
2020-05-05 09:47:35.683307: Result: {'task': {'start_time': '2020-05-05T07:47:35Z', 'affected_objects': [], 'owner_id': '4239139e-cb6d-bae6-e67f-98ead19d4c75', 'destination_id': '4239db63-a481-93a3-9cdd-37d55274ac4b', 'name': '', 'end_time': 'NA', 'error_code': 0, 'state': 'IN_PROGRESS', 'id': '4239139e-cb6d-bae6-e67f-98ead19d4c75:4239db63-a481-93a3-9cdd-37d55274ac4b:29743866-e39a-4777-833f-7dd69e864729', 'type': 'com.simplivity.task.backup_policy.addrule', 'percent_complete': 0}} 
2020-05-05 09:47:35.683307: Checking Policy: Gold_1hour 
2020-05-05 09:47:35.683307: Create the new rules 
2020-05-05 09:47:36.483711: Backup Policy added to Policy: Gold_1hour 
2020-05-05 09:47:36.483711: {'frequency': 60, 'retention': 7200, 'days': 'All', 'id': '28d1ce20-bce9-41bf-8998-10c98519c3e2', 'number': 0, 'destination_id': '705049b7-574e-4fae-81d4-330d5d84aeaa', 'start_time': '00:10', 'end_time': '00:10', 'application_consistent': 'false', 'consistency_type': 'NONE', 'destination_name': 'Local', 'max_backups': 120} 
2020-05-05 09:47:36.483711: Result: {'task': {'start_time': '2020-05-05T07:47:36Z', 'affected_objects': [], 'owner_id': '4239139e-cb6d-bae6-e67f-98ead19d4c75', 'destination_id': '4239db63-a481-93a3-9cdd-37d55274ac4b', 'name': '', 'end_time': 'NA', 'error_code': 0, 'state': 'IN_PROGRESS', 'id': '4239139e-cb6d-bae6-e67f-98ead19d4c75:4239db63-a481-93a3-9cdd-37d55274ac4b:dbe1d524-97fd-487c-939f-32a0a8a8cac7', 'type': 'com.simplivity.task.backup_policy.addrule', 'percent_complete': 0}} 
2020-05-05 09:47:37.171389: Backup Policy added to Policy: Gold_1hour 
2020-05-05 09:47:37.171389: {'frequency': 60, 'retention': 7200, 'days': 'All', 'id': 'd4432c1e-9fa2-474a-8d04-eb1e19de1567', 'number': 1, 'destination_id': '811bebe5-ee3a-48de-b191-832c32656902', 'start_time': '00:11', 'end_time': '00:11', 'application_consistent': 'false', 'consistency_type': 'NONE', 'destination_name': 'Remote', 'max_backups': 120} 
2020-05-05 09:47:37.171389: Result: {'task': {'start_time': '2020-05-05T07:47:36Z', 'affected_objects': [], 'owner_id': '4239139e-cb6d-bae6-e67f-98ead19d4c75', 'destination_id': '4239db63-a481-93a3-9cdd-37d55274ac4b', 'name': '', 'end_time': 'NA', 'error_code': 0, 'state': 'IN_PROGRESS', 'id': '4239139e-cb6d-bae6-e67f-98ead19d4c75:4239db63-a481-93a3-9cdd-37d55274ac4b:f59f9065-9bb2-4688-bac6-c5602b057c02', 'type': 'com.simplivity.task.backup_policy.addrule', 'percent_complete': 0}} 
2020-05-05 09:47:37.938660: Backup Policy added to Policy: Gold_1hour 
2020-05-05 09:47:37.938660: {'frequency': 240, 'retention': 10080, 'days': 'All', 'id': '498f1c5f-701c-4a9e-9640-0881673eab88', 'number': 2, 'destination_id': '705049b7-574e-4fae-81d4-330d5d84aeaa', 'start_time': '00:15', 'end_time': '00:15', 'application_consistent': 'false', 'consistency_type': 'NONE', 'destination_name': 'Local', 'max_backups': 42} 
2020-05-05 09:47:37.938660: Result: {'task': {'start_time': '2020-05-05T07:47:37Z', 'affected_objects': [], 'owner_id': '4239139e-cb6d-bae6-e67f-98ead19d4c75', 'destination_id': '4239db63-a481-93a3-9cdd-37d55274ac4b', 'name': '', 'end_time': 'NA', 'error_code': 0, 'state': 'IN_PROGRESS', 'id': '4239139e-cb6d-bae6-e67f-98ead19d4c75:4239db63-a481-93a3-9cdd-37d55274ac4b:efa5095b-082c-416c-b39c-674fa5c5024b', 'type': 'com.simplivity.task.backup_policy.addrule', 'percent_complete': 0}} 
2020-05-05 09:47:38.706299: Backup Policy added to Policy: Gold_1hour 
2020-05-05 09:47:38.706299: {'frequency': 240, 'retention': 10080, 'days': 'All', 'id': '4220e657-0913-44e0-8de5-68ab491f0ccf', 'number': 3, 'destination_id': '811bebe5-ee3a-48de-b191-832c32656902', 'start_time': '00:16', 'end_time': '00:16', 'application_consistent': 'false', 'consistency_type': 'NONE', 'destination_name': 'Remote', 'max_backups': 42} 
2020-05-05 09:47:38.706299: Result: {'task': {'start_time': '2020-05-05T07:47:38Z', 'affected_objects': [], 'owner_id': '4239139e-cb6d-bae6-e67f-98ead19d4c75', 'destination_id': '4239db63-a481-93a3-9cdd-37d55274ac4b', 'name': '', 'end_time': 'NA', 'error_code': 0, 'state': 'IN_PROGRESS', 'id': '4239139e-cb6d-bae6-e67f-98ead19d4c75:4239db63-a481-93a3-9cdd-37d55274ac4b:9f5c4277-d10c-4365-83df-bee267bd2cc2', 'type': 'com.simplivity.task.backup_policy.addrule', 'percent_complete': 0}} 
2020-05-05 09:47:39.519246: Backup Policy added to Policy: Gold_1hour 
2020-05-05 09:47:39.519246: {'frequency': 1440, 'retention': 43200, 'days': 'Mon,Tue,Wed,Thu,Fri,Sat', 'id': '2332f9ec-602c-4f06-bb70-a3dc433c759a', 'number': 4, 'destination_id': '705049b7-574e-4fae-81d4-330d5d84aeaa', 'start_time': '00:20', 'end_time': '00:20', 'application_consistent': 'false', 'consistency_type': 'NONE', 'destination_name': 'Local', 'max_backups': 30} 
2020-05-05 09:47:39.519246: Result: {'task': {'start_time': '2020-05-05T07:47:39Z', 'affected_objects': [], 'owner_id': '4239139e-cb6d-bae6-e67f-98ead19d4c75', 'destination_id': '4239db63-a481-93a3-9cdd-37d55274ac4b', 'name': '', 'end_time': 'NA', 'error_code': 0, 'state': 'IN_PROGRESS', 'id': '4239139e-cb6d-bae6-e67f-98ead19d4c75:4239db63-a481-93a3-9cdd-37d55274ac4b:656c128a-936f-4867-9e74-f9cb769dff75', 'type': 'com.simplivity.task.backup_policy.addrule', 'percent_complete': 0}} 
2020-05-05 09:47:40.206812: Backup Policy added to Policy: Gold_1hour 
2020-05-05 09:47:40.206812: {'frequency': 1440, 'retention': 43200, 'days': 'Mon,Tue,Wed,Thu,Fri,Sat', 'id': 'd15781c0-730d-4a75-8fed-97a78d3b5381', 'number': 5, 'destination_id': '811bebe5-ee3a-48de-b191-832c32656902', 'start_time': '00:21', 'end_time': '00:21', 'application_consistent': 'false', 'consistency_type': 'NONE', 'destination_name': 'Remote', 'max_backups': 30} 
2020-05-05 09:47:40.206812: Result: {'task': {'start_time': '2020-05-05T07:47:39Z', 'affected_objects': [], 'owner_id': '4239139e-cb6d-bae6-e67f-98ead19d4c75', 'destination_id': '4239db63-a481-93a3-9cdd-37d55274ac4b', 'name': '', 'end_time': 'NA', 'error_code': 0, 'state': 'IN_PROGRESS', 'id': '4239139e-cb6d-bae6-e67f-98ead19d4c75:4239db63-a481-93a3-9cdd-37d55274ac4b:73198316-0514-4436-9fd9-4cb5cba67e01', 'type': 'com.simplivity.task.backup_policy.addrule', 'percent_complete': 0}} 
2020-05-05 09:47:41.038219: Backup Policy added to Policy: Gold_1hour 
2020-05-05 09:47:41.038219: {'frequency': 1440, 'retention': 129600, 'days': 'Sun', 'id': 'be635a62-6181-4165-a662-8728fa617133', 'number': 6, 'destination_id': '705049b7-574e-4fae-81d4-330d5d84aeaa', 'start_time': '00:25', 'end_time': '00:25', 'application_consistent': 'false', 'consistency_type': 'NONE', 'destination_name': 'Local', 'max_backups': 90} 
2020-05-05 09:47:41.038219: Result: {'task': {'start_time': '2020-05-05T07:47:40Z', 'affected_objects': [], 'owner_id': '4239139e-cb6d-bae6-e67f-98ead19d4c75', 'destination_id': '4239db63-a481-93a3-9cdd-37d55274ac4b', 'name': '', 'end_time': 'NA', 'error_code': 0, 'state': 'IN_PROGRESS', 'id': '4239139e-cb6d-bae6-e67f-98ead19d4c75:4239db63-a481-93a3-9cdd-37d55274ac4b:83943de3-f2e0-41e6-81f2-54578aee6565', 'type': 'com.simplivity.task.backup_policy.addrule', 'percent_complete': 0}} 
2020-05-05 09:47:41.764430: Backup Policy added to Policy: Gold_1hour 
2020-05-05 09:47:41.764430: {'frequency': 1440, 'retention': 129600, 'days': 'Sun', 'id': '06db8663-94c6-4f4d-864f-73c1ad23906b', 'number': 7, 'destination_id': '811bebe5-ee3a-48de-b191-832c32656902', 'start_time': '00:26', 'end_time': '00:26', 'application_consistent': 'false', 'consistency_type': 'NONE', 'destination_name': 'Remote', 'max_backups': 90} 
2020-05-05 09:47:41.764430: Result: {'task': {'start_time': '2020-05-05T07:47:41Z', 'affected_objects': [], 'owner_id': '4239139e-cb6d-bae6-e67f-98ead19d4c75', 'destination_id': '4239db63-a481-93a3-9cdd-37d55274ac4b', 'name': '', 'end_time': 'NA', 'error_code': 0, 'state': 'IN_PROGRESS', 'id': '4239139e-cb6d-bae6-e67f-98ead19d4c75:4239db63-a481-93a3-9cdd-37d55274ac4b:f4d3ec9a-cba3-4247-a729-4e2d92197c82', 'type': 'com.simplivity.task.backup_policy.addrule', 'percent_complete': 0}} 
2020-05-05 09:47:42.566036: Backup Policy added to Policy: Gold_1hour 
2020-05-05 09:47:42.566036: {'frequency': 1440, 'retention': 1051200, 'days': 'Last', 'id': '48b79c52-fc29-4b23-b06d-23581ba48acc', 'number': 8, 'destination_id': '705049b7-574e-4fae-81d4-330d5d84aeaa', 'start_time': '00:30', 'end_time': '00:30', 'application_consistent': 'false', 'consistency_type': 'NONE', 'destination_name': 'Local', 'max_backups': 730} 
2020-05-05 09:47:42.566036: Result: {'task': {'start_time': '2020-05-05T07:47:42Z', 'affected_objects': [], 'owner_id': '4239139e-cb6d-bae6-e67f-98ead19d4c75', 'destination_id': '4239db63-a481-93a3-9cdd-37d55274ac4b', 'name': '', 'end_time': 'NA', 'error_code': 0, 'state': 'IN_PROGRESS', 'id': '4239139e-cb6d-bae6-e67f-98ead19d4c75:4239db63-a481-93a3-9cdd-37d55274ac4b:d3fe13c4-9ea0-4df5-950c-bad9600851c8', 'type': 'com.simplivity.task.backup_policy.addrule', 'percent_complete': 0}} 
2020-05-05 09:47:43.344192: Backup Policy added to Policy: Gold_1hour 
2020-05-05 09:47:43.345218: {'frequency': 1440, 'retention': 1051200, 'days': 'Last', 'id': 'a2bc7e74-0af8-42e2-b206-076876e4b496', 'number': 9, 'destination_id': '811bebe5-ee3a-48de-b191-832c32656902', 'start_time': '00:31', 'end_time': '00:31', 'application_consistent': 'false', 'consistency_type': 'NONE', 'destination_name': 'Remote', 'max_backups': 730} 
2020-05-05 09:47:43.345218: Result: {'task': {'start_time': '2020-05-05T07:47:43Z', 'affected_objects': [], 'owner_id': '4239139e-cb6d-bae6-e67f-98ead19d4c75', 'destination_id': '4239db63-a481-93a3-9cdd-37d55274ac4b', 'name': '', 'end_time': 'NA', 'error_code': 0, 'state': 'IN_PROGRESS', 'id': '4239139e-cb6d-bae6-e67f-98ead19d4c75:4239db63-a481-93a3-9cdd-37d55274ac4b:91f638be-11ad-44ed-a2d4-6257dbc6e8d9', 'type': 'com.simplivity.task.backup_policy.addrule', 'percent_complete': 0}} 
2020-05-05 09:47:43.345218: Checking Policy: Simple 
2020-05-05 09:47:43.626241: Logfile closed 
